\BOOKMARK [0][-]{chapter.1}{\376\377\000W\000p\000r\000o\000w\000a\000d\000z\000e\000n\000i\000e}{}% 1
\BOOKMARK [1][-]{section.1.1}{\376\377\000C\000e\000l\000e\000\040\000p\000r\000a\000c\000y}{chapter.1}% 2
\BOOKMARK [2][-]{subsection.1.1.1}{\376\377\000J\000a\000k\000i\001\133\000\040\000t\000y\000t\000u\001\102}{section.1.1}% 3
\BOOKMARK [2][-]{subsection.1.1.2}{\376\377\000J\000a\000k\000i\001\133\000\040\000t\000y\000t\000u\001\102\000\040\0002}{section.1.1}% 4
\BOOKMARK [1][-]{section.1.2}{\376\377\000Z\000a\000w\000a\000r\000t\000o\001\133\001\007\000\040\000p\000r\000a\000c\000y}{chapter.1}% 5
\BOOKMARK [0][-]{chapter.2}{\376\377\000P\000i\000e\000r\000w\000s\000z\000y\000\040\000d\000o\000k\000u\000m\000e\000n\000t}{}% 6
\BOOKMARK [1][-]{section.2.1}{\376\377\000S\000t\000r\000u\000k\000t\000u\000r\000a\000\040\000d\000o\000k\000u\000m\000e\000n\000t\000u}{chapter.2}% 7
\BOOKMARK [1][-]{section.2.2}{\376\377\000K\000o\000m\000p\000i\000l\000a\000c\000j\000a}{chapter.2}% 8
\BOOKMARK [1][-]{section.2.3}{\376\377\000N\000a\000r\000z\001\031\000d\000z\000i\000a}{chapter.2}% 9
\BOOKMARK [1][-]{section.2.4}{\376\377\000P\000r\000z\000y\000g\000o\000t\000o\000w\000a\000n\000i\000e\000\040\000d\000o\000k\000u\000m\000e\000n\000t\000u}{chapter.2}% 10
\BOOKMARK [1][-]{section.2.5}{\376\377\000S\000p\000r\000a\000w\000d\000z\000a\000n\000i\000e\000\040\000p\000i\000s\000o\000w\000n\000i\000\040\000w\000\040\000V\000S\000C}{chapter.2}% 11
\BOOKMARK [0][-]{chapter.3}{\376\377\000P\000r\000z\000y\000k\001\102\000a\000d\000y\000\040\000u\001\174\000y\000w\000a\000n\000i\000a\000\040\000p\000o\000d\000s\000t\000a\000w\000o\000w\000y\000c\000h\000\040\000e\000l\000e\000m\000e\000n\000t\000\363\000w\000\040\000w\000\040\000L\000a\000T\000e\000X}{}% 12
\BOOKMARK [1][-]{section.3.1}{\376\377\000P\000u\000n\000k\000t\000o\000r\000y\000\040\000i\000\040\000l\000i\000s\000t\000y\000\040\000w\000y\000l\000i\000c\000z\000e\000n\000i\000o\000w\000e}{chapter.3}% 13
\BOOKMARK [1][-]{section.3.2}{\376\377\000L\000i\000c\000z\000b\000a}{chapter.3}% 14
\BOOKMARK [1][-]{section.3.3}{\376\377\000R\000y\000s\000u\000n\000k\000i\000,\000\040\000t\000a\000b\000e\000l\000e\000,\000\040\000s\000c\000h\000e\000m\000a\000t\000y\000,\000\040\000w\000y\000k\000r\000e\000s\000y}{chapter.3}% 15
\BOOKMARK [2][-]{subsection.3.3.1}{\376\377\000R\000y\000s\000u\000n\000k\000i}{section.3.3}% 16
\BOOKMARK [2][-]{subsection.3.3.2}{\376\377\000T\000a\000b\000e\000l\000e}{section.3.3}% 17
\BOOKMARK [1][-]{section.3.4}{\376\377\000W\000z\000o\000r\000y\000\040\000m\000a\000t\000e\000m\000a\000t\000y\000c\000z\000n\000e}{chapter.3}% 18
\BOOKMARK [1][-]{section.3.5}{\376\377\000C\000o\000d\000e\000\040\000L\000i\000s\000t\000i\000n\000g}{chapter.3}% 19
\BOOKMARK [2][-]{subsection.3.5.1}{\376\377\000S\000t\000y\000l\000e\000\040\000i\000\040\000k\000o\000l\000o\000r\000y\000\040\000k\000o\000d\000u}{section.3.5}% 20
\BOOKMARK [1][-]{section.3.6}{\376\377\000C\000y\000t\000o\000w\000a\000n\000i\000a\000\040\000l\000i\000t\000e\000r\000a\000t\000u\000r\000y}{chapter.3}% 21
\BOOKMARK [0][-]{chapter.4}{\376\377\000S\000t\000r\000u\000k\000t\000u\000r\000a\000\040\000p\000r\000a\000c\000y\000\040\000p\000r\000o\000j\000e\000k\000t\000o\000w\000e\000j\000\040\000z\000\040\000P\000r\000o\000g\000r\000a\000m\000o\000w\000a\000n\000i\000a\000\040\000O\000b\000i\000e\000k\000t\000o\000w\000e\000g\000o\000\040\000J\000A\000V\000A\000/\000C\000\043}{}% 22
\BOOKMARK [1][-]{section.4.1}{\376\377\000O\000p\000i\000s\000\040\000z\000a\001\102\000o\001\174\000e\001\104\000\040\000p\000r\000o\000j\000e\000k\000t\000u}{chapter.4}% 23
\BOOKMARK [1][-]{section.4.2}{\376\377\000O\000p\000i\000s\000\040\000s\000t\000r\000u\000k\000t\000u\000r\000y\000\040\000p\000r\000o\000j\000e\000k\000t\000u}{chapter.4}% 24
\BOOKMARK [1][-]{section.4.3}{\376\377\000H\000a\000r\000m\000o\000n\000o\000g\000r\000a\000m\000\040\000r\000e\000a\000l\000i\000z\000a\000c\000j\000i\000\040\000p\000r\000o\000j\000e\000k\000t\000u}{chapter.4}% 25
\BOOKMARK [1][-]{section.4.4}{\376\377\000P\000r\000e\000z\000e\000n\000t\000a\000c\000j\000a\000\040\000w\000a\000r\000s\000t\000w\000y\000\040\000u\001\174\000y\000t\000k\000o\000w\000e\000j\000\040\000p\000r\000o\000j\000e\000k\000t\000u}{chapter.4}% 26
\BOOKMARK [1][-]{section.4.5}{\376\377\000P\000o\000d\000s\000u\000m\000o\000w\000a\000n\000i\000e}{chapter.4}% 27
\BOOKMARK [1][-]{section.4.6}{\376\377\000O\001\133\000w\000i\000a\000d\000c\000z\000e\000n\000i\000e\000\040\000s\000t\000u\000d\000e\000n\000t\000a\000\040\000o\000\040\000s\000a\000m\000o\000d\000z\000i\000e\000l\000n\000o\001\133\000c\000i\000\040\000p\000r\000a\000c\000y}{chapter.4}% 28
\BOOKMARK [1][-]{section.4.6}{\376\377\000B\000i\000b\000l\000i\000o\000g\000r\000a\000f\000i\000a}{chapter.4}% 29
\BOOKMARK [1][-]{chapter*.5}{\376\377\000S\000p\000i\000s\000\040\000r\000y\000s\000u\000n\000k\000\363\000w}{chapter.4}% 30
\BOOKMARK [1][-]{chapter*.5}{\376\377\000S\000p\000i\000s\000\040\000t\000a\000b\000e\000l}{chapter.4}% 31
\BOOKMARK [1][-]{chapter*.5}{\376\377\000S\000p\000i\000s\000\040\000l\000i\000s\000t\000i\000n\000g\000\363\000w}{chapter.4}% 32
\BOOKMARK [1][-]{chapter*.7}{\376\377\000O\001\133\000w\000i\000a\000d\000c\000z\000e\000n\000i\000e\000\040\000s\000t\000u\000d\000e\000n\000t\000a\000\040\000o\000\040\000s\000a\000m\000o\000d\000z\000i\000e\000l\000n\000o\001\133\000c\000i\000\040\000p\000r\000a\000c\000y}{chapter.4}% 33
